<?xml version="1.0" encoding="UTF-8"?>
<!-- Generated by org.testng.reporters.JUnitXMLReporter -->
<testsuite hostname="LAPTOP-CQ4NMO9L" ignored="0" name="Test" tests="2" failures="1" timestamp="30 May 2020 06:15:54 GMT" time="18.998" errors="0">
  <testcase name="f" time="14.884" classname="com.w2a.testcases.WindowHandleTest"/>
  <testcase name="f" time="14.902" classname="com.w2a.testcases.WindowHandleTest">
    <failure type="java.lang.NullPointerException">
      <![CDATA[java.lang.NullPointerException
at com.w2a.base.TestBase.takescreenshot(TestBase.java:43)
at com.w2a.listeners.Listenersclass.onTestSuccess(Listenersclass.java:41)
... Removed 25 stack frames]]>
    </failure>
  </testcase> <!-- f -->
</testsuite> <!-- Test -->
