-------------------------------------------------------------------------------
Test set: TestSuite
-------------------------------------------------------------------------------
Tests run: 1, Failures: 1, Errors: 0, Skipped: 0, Time elapsed: 20.535 sec <<< FAILURE! - in TestSuite
f(com.w2a.testcases.WindowHandleTest)  Time elapsed: 14.91 sec  <<< FAILURE!
java.lang.NullPointerException

