<?xml version="1.0" encoding="UTF-8"?>
<!-- Generated by org.testng.reporters.JUnitXMLReporter -->
<testsuite hostname="LAPTOP-CQ4NMO9L" ignored="0" name="Test1" tests="2" failures="1" timestamp="30 May 2020 05:26:13 GMT" time="43.036" errors="0">
  <testcase name="f" time="42.946" classname="com.w2a.testcases.TestWebElement"/>
  <testcase name="f" time="42.953" classname="com.w2a.testcases.TestWebElement">
    <failure type="java.lang.NullPointerException">
      <![CDATA[java.lang.NullPointerException
at com.w2a.base.TestBase.takescreenshot(TestBase.java:43)
at com.w2a.listeners.Listenersclass.onTestSuccess(Listenersclass.java:41)
at java.util.concurrent.FutureTask.run(FutureTask.java:266)
at java.util.concurrent.ThreadPoolExecutor.runWorker(ThreadPoolExecutor.java:1142)
at java.util.concurrent.ThreadPoolExecutor$Worker.run(ThreadPoolExecutor.java:617)
at java.lang.Thread.run(Thread.java:745)
... Removed 13 stack frames]]>
    </failure>
  </testcase> <!-- f -->
</testsuite> <!-- Test1 -->
